[debug] [2021-02-14T02:54:07.131Z] ----------------------------------------------------------------------
[debug] [2021-02-14T02:54:07.133Z] Command:       /usr/local/bin/node /usr/local/bin/firebase deploy
[debug] [2021-02-14T02:54:07.133Z] CLI Version:   9.3.0
[debug] [2021-02-14T02:54:07.133Z] Platform:      darwin
[debug] [2021-02-14T02:54:07.133Z] Node Version:  v14.15.4
[debug] [2021-02-14T02:54:07.134Z] Time:          Sun Feb 14 2021 11:54:07 GMT+0900 (Japan Standard Time)
[debug] [2021-02-14T02:54:07.134Z] ----------------------------------------------------------------------
[debug] [2021-02-14T02:54:07.134Z] 
[debug] [2021-02-14T02:54:07.136Z] >>> [apiv2][query] GET https://firebase-public.firebaseio.com/cli.json [none]
[debug] [2021-02-14T02:54:07.160Z] > command requires scopes: ["email","openid","https://www.googleapis.com/auth/cloudplatformprojects.readonly","https://www.googleapis.com/auth/firebase","https://www.googleapis.com/auth/cloud-platform"]
[debug] [2021-02-14T02:54:07.161Z] > authorizing via signed-in user
[debug] [2021-02-14T02:54:07.161Z] [iam] checking project chatbot-4cb1e for permissions ["cloudfunctions.functions.create","cloudfunctions.functions.delete","cloudfunctions.functions.get","cloudfunctions.functions.list","cloudfunctions.functions.update","cloudfunctions.operations.get","datastore.indexes.create","datastore.indexes.delete","datastore.indexes.list","datastore.indexes.update","firebase.projects.get","firebasehosting.sites.update"]
[debug] [2021-02-14T02:54:07.163Z] >>> HTTP REQUEST POST https://cloudresourcemanager.googleapis.com/v1/projects/chatbot-4cb1e:testIamPermissions  
 {"permissions":["cloudfunctions.functions.create","cloudfunctions.functions.delete","cloudfunctions.functions.get","cloudfunctions.functions.list","cloudfunctions.functions.update","cloudfunctions.operations.get","datastore.indexes.create","datastore.indexes.delete","datastore.indexes.list","datastore.indexes.update","firebase.projects.get","firebasehosting.sites.update"]}
[debug] [2021-02-14T02:54:07.658Z] <<< [apiv2][status] GET https://firebase-public.firebaseio.com/cli.json 200
[debug] [2021-02-14T02:54:07.658Z] <<< [apiv2][body] GET https://firebase-public.firebaseio.com/cli.json {"cloudBuildErrorAfter":1594252800000,"cloudBuildWarnAfter":1590019200000,"defaultNode10After":1594252800000,"minVersion":"3.0.5","node8DeploysDisabledAfter":1613390400000,"node8RuntimeDisabledAfter":1615809600000,"node8WarnAfter":1600128000000}
[debug] [2021-02-14T02:54:07.959Z] <<< HTTP RESPONSE 200 {"content-type":"application/json; charset=UTF-8","vary":"X-Origin, Referer, Origin,Accept-Encoding","date":"Sun, 14 Feb 2021 02:54:07 GMT","server":"ESF","cache-control":"private","x-xss-protection":"0","x-frame-options":"SAMEORIGIN","x-content-type-options":"nosniff","server-timing":"gfet4t7; dur=645","alt-svc":"h3-29=\":443\"; ma=2592000,h3-T051=\":443\"; ma=2592000,h3-Q050=\":443\"; ma=2592000,h3-Q046=\":443\"; ma=2592000,h3-Q043=\":443\"; ma=2592000,quic=\":443\"; ma=2592000; v=\"46,43\"","accept-ranges":"none","transfer-encoding":"chunked"}
[debug] [2021-02-14T02:54:07.960Z] >>> HTTP REQUEST POST https://iam.googleapis.com/v1/projects/chatbot-4cb1e/serviceAccounts/chatbot-4cb1e@appspot.gserviceaccount.com:testIamPermissions  
 {"permissions":["iam.serviceAccounts.actAs"]}
[debug] [2021-02-14T02:54:08.952Z] <<< HTTP RESPONSE 200 {"content-type":"application/json; charset=UTF-8","vary":"X-Origin, Referer, Origin,Accept-Encoding","date":"Sun, 14 Feb 2021 02:54:08 GMT","server":"ESF","cache-control":"private","x-xss-protection":"0","x-frame-options":"SAMEORIGIN","x-content-type-options":"nosniff","alt-svc":"h3-29=\":443\"; ma=2592000,h3-T051=\":443\"; ma=2592000,h3-Q050=\":443\"; ma=2592000,h3-Q046=\":443\"; ma=2592000,h3-Q043=\":443\"; ma=2592000,quic=\":443\"; ma=2592000; v=\"46,43\"","accept-ranges":"none","transfer-encoding":"chunked"}
[debug] [2021-02-14T02:54:08.952Z] > refreshing access token with scopes: []
[debug] [2021-02-14T02:54:08.952Z] >>> HTTP REQUEST POST https://www.googleapis.com/oauth2/v3/token  
 <request body omitted>
[debug] [2021-02-14T02:54:09.141Z] <<< HTTP RESPONSE 200 {"expires":"Mon, 01 Jan 1990 00:00:00 GMT","pragma":"no-cache","cache-control":"no-cache, no-store, max-age=0, must-revalidate","date":"Sun, 14 Feb 2021 02:54:09 GMT","content-type":"application/json; charset=utf-8","vary":"X-Origin, Referer, Origin,Accept-Encoding","server":"scaffolding on HTTPServer2","x-xss-protection":"0","x-frame-options":"SAMEORIGIN","x-content-type-options":"nosniff","alt-svc":"h3-29=\":443\"; ma=2592000,h3-T051=\":443\"; ma=2592000,h3-Q050=\":443\"; ma=2592000,h3-Q046=\":443\"; ma=2592000,h3-Q043=\":443\"; ma=2592000,quic=\":443\"; ma=2592000; v=\"46,43\"","accept-ranges":"none","transfer-encoding":"chunked"}
[debug] [2021-02-14T02:54:09.167Z] >>> [apiv2][query] GET https://firebase.googleapis.com/v1beta1/projects/chatbot-4cb1e [none]
[debug] [2021-02-14T02:54:09.695Z] <<< [apiv2][status] GET https://firebase.googleapis.com/v1beta1/projects/chatbot-4cb1e 200
[debug] [2021-02-14T02:54:09.695Z] <<< [apiv2][body] GET https://firebase.googleapis.com/v1beta1/projects/chatbot-4cb1e {"projectId":"chatbot-4cb1e","projectNumber":"23392090074","displayName":"chatbot","name":"projects/chatbot-4cb1e","resources":{"hostingSite":"chatbot-4cb1e","storageBucket":"chatbot-4cb1e.appspot.com","locationId":"asia-northeast1"},"state":"ACTIVE"}
[info] 
[info] === Deploying to 'chatbot-4cb1e'...
[info] 
[info] i  deploying firestore, functions, hosting 
[info] Running command: npm --prefix "$RESOURCE_DIR" run lint
[info] Running command: npm --prefix "$RESOURCE_DIR" run build
[info] ✔  functions: Finished running predeploy script. 
[info] i  firestore: reading indexes from firestore.indexes.json... 
[info] i  cloud.firestore: checking firestore.rules for compilation errors... 
[debug] [2021-02-14T02:54:17.972Z] > refreshing access token with scopes: ["email","https://www.googleapis.com/auth/cloud-platform","https://www.googleapis.com/auth/cloudplatformprojects.readonly","https://www.googleapis.com/auth/firebase","openid"]
[debug] [2021-02-14T02:54:17.972Z] >>> HTTP REQUEST POST https://www.googleapis.com/oauth2/v3/token  
 <request body omitted>
[debug] [2021-02-14T02:54:18.125Z] <<< HTTP RESPONSE 200 {"date":"Sun, 14 Feb 2021 02:54:18 GMT","cache-control":"no-cache, no-store, max-age=0, must-revalidate","pragma":"no-cache","expires":"Mon, 01 Jan 1990 00:00:00 GMT","content-type":"application/json; charset=utf-8","vary":"X-Origin, Referer, Origin,Accept-Encoding","server":"scaffolding on HTTPServer2","x-xss-protection":"0","x-frame-options":"SAMEORIGIN","x-content-type-options":"nosniff","alt-svc":"h3-29=\":443\"; ma=2592000,h3-T051=\":443\"; ma=2592000,h3-Q050=\":443\"; ma=2592000,h3-Q046=\":443\"; ma=2592000,h3-Q043=\":443\"; ma=2592000,quic=\":443\"; ma=2592000; v=\"46,43\"","accept-ranges":"none","transfer-encoding":"chunked"}
[debug] [2021-02-14T02:54:18.159Z] >>> HTTP REQUEST POST https://firebaserules.googleapis.com/v1/projects/chatbot-4cb1e:test  
 {"source":{"files":[{"name":"firestore.rules","content":"rules_version = '2';\nservice cloud.firestore {\n  match /databases/{database}/documents {\n    match /{document=**} {\n      allow read;\n       allow write: if request.auth.uid != null;\n    }\n  }\n}"}]}}
[debug] [2021-02-14T02:54:19.258Z] <<< HTTP RESPONSE 200 {"content-type":"application/json; charset=UTF-8","vary":"X-Origin, Referer, Origin,Accept-Encoding","date":"Sun, 14 Feb 2021 02:54:19 GMT","server":"ESF","cache-control":"private","x-xss-protection":"0","x-frame-options":"SAMEORIGIN","x-content-type-options":"nosniff","alt-svc":"h3-29=\":443\"; ma=2592000,h3-T051=\":443\"; ma=2592000,h3-Q050=\":443\"; ma=2592000,h3-Q046=\":443\"; ma=2592000,h3-Q043=\":443\"; ma=2592000,quic=\":443\"; ma=2592000; v=\"46,43\"","accept-ranges":"none","transfer-encoding":"chunked"}
[info] ✔  cloud.firestore: rules file firestore.rules compiled successfully 
[debug] [2021-02-14T02:54:19.262Z] > [functions] package.json contents: {
  "name": "functions",
  "scripts": {
    "lint": "eslint --ext .js,.ts ",
    "build": "tsc",
    "serve": "npm run build && firebase emulators:start --only functions",
    "shell": "npm run build && firebase functions:shell",
    "start": "npm run shell",
    "deploy": "firebase deploy --only functions",
    "logs": "firebase functions:log"
  },
  "engines": {
    "node": "12"
  },
  "main": "lib/index.js",
  "dependencies": {
    "firebase-admin": "^9.2.0",
    "firebase-functions": "^3.11.0"
  },
  "devDependencies": {
    "@typescript-eslint/eslint-plugin": "^3.9.1",
    "@typescript-eslint/parser": "^3.8.0",
    "eslint": "^7.6.0",
    "eslint-config-google": "^0.14.0",
    "eslint-plugin-import": "^2.22.0",
    "firebase-functions-test": "^0.2.0",
    "typescript": "^3.8.0"
  },
  "private": true
}
[info] i  functions: ensuring required API cloudfunctions.googleapis.com is enabled... 
[info] i  functions: ensuring required API cloudbuild.googleapis.com is enabled... 
[debug] [2021-02-14T02:54:20.234Z] >>> HTTP REQUEST GET https://serviceusage.googleapis.com/v1/projects/chatbot-4cb1e/services/cloudfunctions.googleapis.com  
 
[debug] [2021-02-14T02:54:20.234Z] >>> HTTP REQUEST GET https://serviceusage.googleapis.com/v1/projects/chatbot-4cb1e/services/runtimeconfig.googleapis.com  
 
[debug] [2021-02-14T02:54:20.234Z] >>> HTTP REQUEST GET https://serviceusage.googleapis.com/v1/projects/chatbot-4cb1e/services/cloudbuild.googleapis.com  
 
[debug] [2021-02-14T02:54:21.348Z] <<< HTTP RESPONSE 200 {"content-type":"application/json; charset=UTF-8","vary":"X-Origin, Referer, Origin,Accept-Encoding","date":"Sun, 14 Feb 2021 02:54:21 GMT","server":"ESF","cache-control":"private","x-xss-protection":"0","x-frame-options":"SAMEORIGIN","x-content-type-options":"nosniff","alt-svc":"h3-29=\":443\"; ma=2592000,h3-T051=\":443\"; ma=2592000,h3-Q050=\":443\"; ma=2592000,h3-Q046=\":443\"; ma=2592000,h3-Q043=\":443\"; ma=2592000,quic=\":443\"; ma=2592000; v=\"46,43\"","accept-ranges":"none","transfer-encoding":"chunked"}
[debug] [2021-02-14T02:54:21.354Z] <<< HTTP RESPONSE 200 {"content-type":"application/json; charset=UTF-8","vary":"X-Origin, Referer, Origin,Accept-Encoding","date":"Sun, 14 Feb 2021 02:54:21 GMT","server":"ESF","cache-control":"private","x-xss-protection":"0","x-frame-options":"SAMEORIGIN","x-content-type-options":"nosniff","alt-svc":"h3-29=\":443\"; ma=2592000,h3-T051=\":443\"; ma=2592000,h3-Q050=\":443\"; ma=2592000,h3-Q046=\":443\"; ma=2592000,h3-Q043=\":443\"; ma=2592000,quic=\":443\"; ma=2592000; v=\"46,43\"","accept-ranges":"none","transfer-encoding":"chunked"}
[info] ✔  functions: required API cloudbuild.googleapis.com is enabled 
[debug] [2021-02-14T02:54:21.365Z] <<< HTTP RESPONSE 200 {"content-type":"application/json; charset=UTF-8","vary":"X-Origin, Referer, Origin,Accept-Encoding","date":"Sun, 14 Feb 2021 02:54:21 GMT","server":"ESF","cache-control":"private","x-xss-protection":"0","x-frame-options":"SAMEORIGIN","x-content-type-options":"nosniff","alt-svc":"h3-29=\":443\"; ma=2592000,h3-T051=\":443\"; ma=2592000,h3-Q050=\":443\"; ma=2592000,h3-Q046=\":443\"; ma=2592000,h3-Q043=\":443\"; ma=2592000,quic=\":443\"; ma=2592000; v=\"46,43\"","accept-ranges":"none","transfer-encoding":"chunked"}
[info] ✔  functions: required API cloudfunctions.googleapis.com is enabled 
[debug] [2021-02-14T02:54:21.366Z] >>> HTTP REQUEST GET https://firebase.googleapis.com/v1beta1/projects/chatbot-4cb1e/adminSdkConfig  
 
[debug] [2021-02-14T02:54:22.265Z] <<< HTTP RESPONSE 200 {"content-type":"application/json; charset=UTF-8","vary":"X-Origin, Referer, Origin,Accept-Encoding","date":"Sun, 14 Feb 2021 02:54:22 GMT","server":"ESF","cache-control":"private","x-xss-protection":"0","x-frame-options":"SAMEORIGIN","x-content-type-options":"nosniff","alt-svc":"h3-29=\":443\"; ma=2592000,h3-T051=\":443\"; ma=2592000,h3-Q050=\":443\"; ma=2592000,h3-Q046=\":443\"; ma=2592000,h3-Q043=\":443\"; ma=2592000,quic=\":443\"; ma=2592000; v=\"46,43\"","accept-ranges":"none","transfer-encoding":"chunked"}
[debug] [2021-02-14T02:54:22.270Z] >>> HTTP REQUEST POST https://firebasehosting.googleapis.com/v1beta1/sites/chatbot-4cb1e/versions  
 {"config":{},"labels":{"deployment-tool":"cli-firebase"}}
[debug] [2021-02-14T02:54:23.595Z] <<< HTTP RESPONSE 200 {"content-type":"application/json; charset=UTF-8","vary":"X-Origin, Referer, Origin,Accept-Encoding","date":"Sun, 14 Feb 2021 02:54:23 GMT","server":"ESF","cache-control":"private","x-xss-protection":"0","x-frame-options":"SAMEORIGIN","x-content-type-options":"nosniff","alt-svc":"h3-29=\":443\"; ma=2592000,h3-T051=\":443\"; ma=2592000,h3-Q050=\":443\"; ma=2592000,h3-Q046=\":443\"; ma=2592000,h3-Q043=\":443\"; ma=2592000,quic=\":443\"; ma=2592000; v=\"46,43\"","accept-ranges":"none","transfer-encoding":"chunked"}
[debug] [2021-02-14T02:54:23.596Z] >>> HTTP REQUEST GET https://firebaserules.googleapis.com/v1/projects/chatbot-4cb1e/releases?pageSize=10&pageToken=  
 
[debug] [2021-02-14T02:54:23.597Z] >>> HTTP REQUEST GET https://firestore.googleapis.com/v1/projects/chatbot-4cb1e/databases/(default)/collectionGroups/-/indexes  
 
[debug] [2021-02-14T02:54:23.932Z] <<< HTTP RESPONSE 200 {"content-type":"application/json; charset=UTF-8","vary":"X-Origin, Referer, Origin,Accept-Encoding","date":"Sun, 14 Feb 2021 02:54:23 GMT","server":"ESF","cache-control":"private","x-xss-protection":"0","x-frame-options":"SAMEORIGIN","x-content-type-options":"nosniff","alt-svc":"h3-29=\":443\"; ma=2592000,h3-T051=\":443\"; ma=2592000,h3-Q050=\":443\"; ma=2592000,h3-Q046=\":443\"; ma=2592000,h3-Q043=\":443\"; ma=2592000,quic=\":443\"; ma=2592000; v=\"46,43\"","accept-ranges":"none","transfer-encoding":"chunked"}
[debug] [2021-02-14T02:54:23.933Z] >>> HTTP REQUEST GET https://firebaserules.googleapis.com/v1/projects/chatbot-4cb1e/rulesets/e3d6267b-90f5-4b1d-a0cf-c28ed2fab8f2  
 
[debug] [2021-02-14T02:54:23.934Z] <<< HTTP RESPONSE 200 {"content-type":"application/json; charset=UTF-8","vary":"X-Origin, Referer, Origin,Accept-Encoding","date":"Sun, 14 Feb 2021 02:54:23 GMT","server":"ESF","cache-control":"private","x-xss-protection":"0","x-frame-options":"SAMEORIGIN","x-content-type-options":"nosniff","alt-svc":"h3-29=\":443\"; ma=2592000,h3-T051=\":443\"; ma=2592000,h3-Q050=\":443\"; ma=2592000,h3-Q046=\":443\"; ma=2592000,h3-Q043=\":443\"; ma=2592000,quic=\":443\"; ma=2592000; v=\"46,43\"","accept-ranges":"none","transfer-encoding":"chunked"}
[debug] [2021-02-14T02:54:23.935Z] >>> HTTP REQUEST GET https://firestore.googleapis.com/v1/projects/chatbot-4cb1e/databases/(default)/collectionGroups/-/fields?filter=indexConfig.usesAncestorConfig=false  
 
[debug] [2021-02-14T02:54:24.097Z] <<< HTTP RESPONSE 200 {"content-type":"application/json; charset=UTF-8","vary":"X-Origin, Referer, Origin,Accept-Encoding","date":"Sun, 14 Feb 2021 02:54:23 GMT","server":"ESF","cache-control":"private","x-xss-protection":"0","x-frame-options":"SAMEORIGIN","x-content-type-options":"nosniff","alt-svc":"h3-29=\":443\"; ma=2592000,h3-T051=\":443\"; ma=2592000,h3-Q050=\":443\"; ma=2592000,h3-Q046=\":443\"; ma=2592000,h3-Q043=\":443\"; ma=2592000,quic=\":443\"; ma=2592000; v=\"46,43\"","accept-ranges":"none","transfer-encoding":"chunked"}
[info] ✔  firestore: deployed indexes in firestore.indexes.json successfully 
[debug] [2021-02-14T02:54:24.219Z] <<< HTTP RESPONSE 200 {"content-type":"application/json; charset=UTF-8","vary":"X-Origin, Referer, Origin,Accept-Encoding","date":"Sun, 14 Feb 2021 02:54:24 GMT","server":"ESF","cache-control":"private","x-xss-protection":"0","x-frame-options":"SAMEORIGIN","x-content-type-options":"nosniff","alt-svc":"h3-29=\":443\"; ma=2592000,h3-T051=\":443\"; ma=2592000,h3-Q050=\":443\"; ma=2592000,h3-Q046=\":443\"; ma=2592000,h3-Q043=\":443\"; ma=2592000,quic=\":443\"; ma=2592000; v=\"46,43\"","accept-ranges":"none","transfer-encoding":"chunked"}
[info] i  firestore: latest version of firestore.rules already up to date, skipping upload... 
[info] i  functions: preparing functions directory for uploading... 
[debug] [2021-02-14T02:54:24.221Z] >>> HTTP REQUEST GET https://runtimeconfig.googleapis.com/v1beta1/projects/chatbot-4cb1e/configs  
 
[debug] [2021-02-14T02:54:24.604Z] <<< HTTP RESPONSE 200 {"content-type":"application/json; charset=UTF-8","vary":"X-Origin, Referer, Origin,Accept-Encoding","date":"Sun, 14 Feb 2021 02:54:24 GMT","server":"ESF","cache-control":"private","x-xss-protection":"0","x-frame-options":"SAMEORIGIN","x-content-type-options":"nosniff","alt-svc":"h3-29=\":443\"; ma=2592000,h3-T051=\":443\"; ma=2592000,h3-Q050=\":443\"; ma=2592000,h3-Q046=\":443\"; ma=2592000,h3-Q043=\":443\"; ma=2592000,quic=\":443\"; ma=2592000; v=\"46,43\"","accept-ranges":"none","transfer-encoding":"chunked"}
[info] i  functions: packaged functions (41.75 KB) for uploading 
[debug] [2021-02-14T02:54:24.909Z] >>> HTTP REQUEST GET https://cloudfunctions.googleapis.com/v1/projects/chatbot-4cb1e/locations/-/functions  
 
[debug] [2021-02-14T02:54:25.563Z] <<< HTTP RESPONSE 200 {"content-type":"application/json; charset=UTF-8","vary":"X-Origin, Referer, Origin,Accept-Encoding","date":"Sun, 14 Feb 2021 02:54:25 GMT","server":"ESF","cache-control":"private","x-xss-protection":"0","x-frame-options":"SAMEORIGIN","x-content-type-options":"nosniff","alt-svc":"h3-29=\":443\"; ma=2592000,h3-T051=\":443\"; ma=2592000,h3-Q050=\":443\"; ma=2592000,h3-Q046=\":443\"; ma=2592000,h3-Q043=\":443\"; ma=2592000,quic=\":443\"; ma=2592000; v=\"46,43\"","accept-ranges":"none","transfer-encoding":"chunked"}
[debug] [2021-02-14T02:54:25.565Z] >>> HTTP REQUEST POST https://cloudfunctions.googleapis.com/v1/projects/chatbot-4cb1e/locations/us-central1/functions:generateUploadUrl  
 
[debug] [2021-02-14T02:54:26.415Z] <<< HTTP RESPONSE 200 {"content-type":"application/json; charset=UTF-8","vary":"X-Origin, Referer, Origin,Accept-Encoding","date":"Sun, 14 Feb 2021 02:54:26 GMT","server":"ESF","cache-control":"private","x-xss-protection":"0","x-frame-options":"SAMEORIGIN","x-content-type-options":"nosniff","alt-svc":"h3-29=\":443\"; ma=2592000,h3-T051=\":443\"; ma=2592000,h3-Q050=\":443\"; ma=2592000,h3-Q046=\":443\"; ma=2592000,h3-Q043=\":443\"; ma=2592000,quic=\":443\"; ma=2592000; v=\"46,43\"","accept-ranges":"none","transfer-encoding":"chunked"}
[debug] [2021-02-14T02:54:26.416Z] >>> HTTP REQUEST PUT https://storage.googleapis.com/gcf-upload-us-central1-c1de0857-3ea3-461d-bc34-26863e86d6d2/64664d49-a121-4685-9c15-bb7c88fb184f.zip?GoogleAccessId=service-23392090074@gcf-admin-robot.iam.gserviceaccount.com&Expires=1613273066&Signature=YTdrh31RaYg5b41DD3E426KuBPGDYe7dQAOYFAAdS4DMq2B%2BBW9E%2FaJFHsTd5IG5TqypdKEvFoaMswxjjX797fgHfOr0c%2BFM%2BU%2FE3kQiXVmKaXmVb4OGuhMrDz1KfFBsgDQp59rjcVzKCKBcQ2yBSGPirvo9wBxw426cFRJFtNCsBstY06YIOi0Sag%2F%2F431JLtrcUbZmy%2B2y6FYi6rJx5toxxvOoDf42qOrRmypwVvUPP9QeMTibOml%2FA1S58nu0aoJBQsXBFta6m4GU7IZxHH2MS2uYBoF2rfzeuoikAr92UVcaPqkTxBDRe2i%2FqfcJ0uUC3vit%2B0BqIW3TpMThbw%3D%3D  
 <request body omitted>
[debug] [2021-02-14T02:54:26.692Z] <<< HTTP RESPONSE 200 {"x-guploader-uploadid":"ABg5-UxxYnUdirlaVq4dOI4P7nevQ_8uoWBDvnnVbid-454MorqEZgmxRe6ZmDsLRjrT-qjySXZDc0g3aq4IOtUrzTakhAcUqg","etag":"\"b2d57973fe0a0b394da8fa21a34bd1b8\"","x-goog-generation":"1613271266526492","x-goog-metageneration":"1","x-goog-hash":"crc32c=lEEzkQ==, md5=stV5c/4KCzlNqPoho0vRuA==","x-goog-stored-content-length":"42757","x-goog-stored-content-encoding":"identity","vary":"Origin","content-length":"0","date":"Sun, 14 Feb 2021 02:54:26 GMT","server":"UploadServer","content-type":"text/html; charset=UTF-8","alt-svc":"h3-29=\":443\"; ma=2592000,h3-T051=\":443\"; ma=2592000,h3-Q050=\":443\"; ma=2592000,h3-Q046=\":443\"; ma=2592000,h3-Q043=\":443\"; ma=2592000,quic=\":443\"; ma=2592000; v=\"46,43\""}
[info] ✔  functions: functions folder uploaded successfully 
[info] i  hosting[chatbot-4cb1e]: beginning deploy... 
[info] i  hosting[chatbot-4cb1e]: found 20 files in build 
[debug] [2021-02-14T02:54:27.276Z] > refreshing access token with scopes: []
[debug] [2021-02-14T02:54:27.276Z] >>> HTTP REQUEST POST https://www.googleapis.com/oauth2/v3/token  
 <request body omitted>
[debug] [2021-02-14T02:54:27.277Z] [hosting] hash cache [YnVpbGQ] stored for 20 files
[debug] [2021-02-14T02:54:27.278Z] [hosting][hash queue][FINAL] {"max":563,"min":7,"avg":38.75,"active":0,"complete":20,"success":20,"errored":0,"retried":0,"total":20,"elapsed":570}
[debug] [2021-02-14T02:54:27.463Z] <<< HTTP RESPONSE 200 {"expires":"Mon, 01 Jan 1990 00:00:00 GMT","pragma":"no-cache","date":"Sun, 14 Feb 2021 02:54:27 GMT","cache-control":"no-cache, no-store, max-age=0, must-revalidate","content-type":"application/json; charset=utf-8","vary":"X-Origin, Referer, Origin,Accept-Encoding","server":"scaffolding on HTTPServer2","x-xss-protection":"0","x-frame-options":"SAMEORIGIN","x-content-type-options":"nosniff","alt-svc":"h3-29=\":443\"; ma=2592000,h3-T051=\":443\"; ma=2592000,h3-Q050=\":443\"; ma=2592000,h3-Q046=\":443\"; ma=2592000,h3-Q043=\":443\"; ma=2592000,quic=\":443\"; ma=2592000; v=\"46,43\"","accept-ranges":"none","transfer-encoding":"chunked"}
[debug] [2021-02-14T02:54:27.502Z] >>> [apiv2][query] POST https://firebasehosting.googleapis.com/v1beta1/sites/chatbot-4cb1e/versions/24d4d88e74025f84:populateFiles [none]
[debug] [2021-02-14T02:54:27.502Z] >>> [apiv2][body] POST https://firebasehosting.googleapis.com/v1beta1/sites/chatbot-4cb1e/versions/24d4d88e74025f84:populateFiles {"files":{"/asset-manifest.json":"970b85dd3f882ac9b72047a45f90a365e2196fc7c312ee3811f74ae3dc4dee9f","/favicon.ico":"b72f7455f00e4e58792d2bca892abb068e2213838c0316d6b7a0d6d16acd1955","/manifest.json":"341d52628782f8ac9290bbfc43298afccb47b7cbfcee146ae30cf0f46bc30900","/index.html":"f6c53e789d3028a6f54051364e1ed6fc04884cbc4d399803054f3be6cb08e885","/robots.txt":"391d14b3c2f8c9143a27a28c7399585142228d4d1bdbe2c87ac946de411fa9a2","/logo192.png":"caff018b7f1e8fd481eb1c50d75b0ef236bcd5078b1d15c8bb348453fee30293","/static/css/main.9c40e7f0.chunk.css":"9e69f15e6f4f15bf8e5777f34dd7cab6cf94b4ac253780b872493ed38af725b6","/logo512.png":"191fc21360b4ccfb1cda11a1efb97f489ed22672ca83f4064316802bbfdd750e","/static/css/main.9c40e7f0.chunk.css.map":"c6a09721562524fc269ae712a408c27e33c4da041c29abf424ecade8ff44c164","/static/js/2.297d58cb.chunk.js.LICENSE.txt":"173589c867ecb8de7e60d00207650b0892704a2179eb1a4a6c0b6eec8a0a5a64","/static/js/3.f7f7a944.chunk.js":"7561e79180036e46afba7139499d26dba9f85ba34178cf2930f227287272a5c9","/static/js/3.f7f7a944.chunk.js.map":"3a9c01e03490884ae343fcdf5c04f2f5c5701a6df76f308e6ea8d942f48deedd","/static/js/main.1f90eb3e.chunk.js":"9d16f58621273346f693aa0065076ee5daa046903da6539968bc58f5337419eb","/static/js/runtime-main.e2044dc8.js":"67bd30e091d00ee96d10015e75bdacacc6c1c33cefb41f451b1ee9189e814b3a","/static/js/runtime-main.e2044dc8.js.map":"d01eb79983d1b7fe3b8917ba8a5f3fce632a3dd38b7048bb9b2c7de47ce49b34","/static/js/main.1f90eb3e.chunk.js.map":"74c67ae41b7deb62abc1423f585488a091343de75ab9da3edd95e5ac4be7cd5c","/static/media/no-profile.67b6df19.png":"c78dbb86a95e8a303abea67da25f4f9ba4cfa8204e90e03ee55811cf316b1de4","/static/media/torahack.762c7e70.png":"c0ff1b96e94b09f9b2168c44e80c3c3a8565caf149ef3806e0b2d5abb562a76c","/static/js/2.297d58cb.chunk.js":"790035bfa7c569823dfa09a4bad7a0b771d2cb5770a29b5b452e2b0ff153a15e","/static/js/2.297d58cb.chunk.js.map":"ae9bd4b6bf427bb9cca4688132860512a893233a0011da38e4870c9e6b36d001"}}
[debug] [2021-02-14T02:54:28.518Z] <<< [apiv2][status] POST https://firebasehosting.googleapis.com/v1beta1/sites/chatbot-4cb1e/versions/24d4d88e74025f84:populateFiles 200
[debug] [2021-02-14T02:54:28.518Z] <<< [apiv2][body] POST https://firebasehosting.googleapis.com/v1beta1/sites/chatbot-4cb1e/versions/24d4d88e74025f84:populateFiles {"uploadRequiredHashes":["9d16f58621273346f693aa0065076ee5daa046903da6539968bc58f5337419eb","74c67ae41b7deb62abc1423f585488a091343de75ab9da3edd95e5ac4be7cd5c","f6c53e789d3028a6f54051364e1ed6fc04884cbc4d399803054f3be6cb08e885","970b85dd3f882ac9b72047a45f90a365e2196fc7c312ee3811f74ae3dc4dee9f"],"uploadUrl":"https://upload-firebasehosting.googleapis.com/upload/sites/chatbot-4cb1e/versions/24d4d88e74025f84/files"}
[debug] [2021-02-14T02:54:28.521Z] >>> [apiv2][query] POST https://upload-firebasehosting.googleapis.com/upload/sites/chatbot-4cb1e/versions/24d4d88e74025f84/files/9d16f58621273346f693aa0065076ee5daa046903da6539968bc58f5337419eb [none]
[debug] [2021-02-14T02:54:28.521Z] >>> [apiv2][body] POST https://upload-firebasehosting.googleapis.com/upload/sites/chatbot-4cb1e/versions/24d4d88e74025f84/files/9d16f58621273346f693aa0065076ee5daa046903da6539968bc58f5337419eb [stream]
[debug] [2021-02-14T02:54:28.523Z] >>> [apiv2][query] POST https://upload-firebasehosting.googleapis.com/upload/sites/chatbot-4cb1e/versions/24d4d88e74025f84/files/74c67ae41b7deb62abc1423f585488a091343de75ab9da3edd95e5ac4be7cd5c [none]
[debug] [2021-02-14T02:54:28.523Z] >>> [apiv2][body] POST https://upload-firebasehosting.googleapis.com/upload/sites/chatbot-4cb1e/versions/24d4d88e74025f84/files/74c67ae41b7deb62abc1423f585488a091343de75ab9da3edd95e5ac4be7cd5c [stream]
[debug] [2021-02-14T02:54:28.524Z] >>> [apiv2][query] POST https://upload-firebasehosting.googleapis.com/upload/sites/chatbot-4cb1e/versions/24d4d88e74025f84/files/f6c53e789d3028a6f54051364e1ed6fc04884cbc4d399803054f3be6cb08e885 [none]
[debug] [2021-02-14T02:54:28.525Z] >>> [apiv2][body] POST https://upload-firebasehosting.googleapis.com/upload/sites/chatbot-4cb1e/versions/24d4d88e74025f84/files/f6c53e789d3028a6f54051364e1ed6fc04884cbc4d399803054f3be6cb08e885 [stream]
[debug] [2021-02-14T02:54:28.526Z] >>> [apiv2][query] POST https://upload-firebasehosting.googleapis.com/upload/sites/chatbot-4cb1e/versions/24d4d88e74025f84/files/970b85dd3f882ac9b72047a45f90a365e2196fc7c312ee3811f74ae3dc4dee9f [none]
[debug] [2021-02-14T02:54:28.526Z] >>> [apiv2][body] POST https://upload-firebasehosting.googleapis.com/upload/sites/chatbot-4cb1e/versions/24d4d88e74025f84/files/970b85dd3f882ac9b72047a45f90a365e2196fc7c312ee3811f74ae3dc4dee9f [stream]
[debug] [2021-02-14T02:54:28.528Z] [hosting][populate queue][FINAL] {"max":1246,"min":1246,"avg":1246,"active":0,"complete":1,"success":1,"errored":0,"retried":0,"total":1,"elapsed":1253}
[debug] [2021-02-14T02:54:28.528Z] [hosting] uploads queued: 4
[debug] [2021-02-14T02:54:31.099Z] <<< [apiv2][status] POST https://upload-firebasehosting.googleapis.com/upload/sites/chatbot-4cb1e/versions/24d4d88e74025f84/files/9d16f58621273346f693aa0065076ee5daa046903da6539968bc58f5337419eb 200
[debug] [2021-02-14T02:54:31.100Z] <<< [apiv2][body] POST https://upload-firebasehosting.googleapis.com/upload/sites/chatbot-4cb1e/versions/24d4d88e74025f84/files/9d16f58621273346f693aa0065076ee5daa046903da6539968bc58f5337419eb [stream]
[debug] [2021-02-14T02:54:31.101Z] <<< [apiv2][status] POST https://upload-firebasehosting.googleapis.com/upload/sites/chatbot-4cb1e/versions/24d4d88e74025f84/files/970b85dd3f882ac9b72047a45f90a365e2196fc7c312ee3811f74ae3dc4dee9f 200
[debug] [2021-02-14T02:54:31.101Z] <<< [apiv2][body] POST https://upload-firebasehosting.googleapis.com/upload/sites/chatbot-4cb1e/versions/24d4d88e74025f84/files/970b85dd3f882ac9b72047a45f90a365e2196fc7c312ee3811f74ae3dc4dee9f [stream]
[debug] [2021-02-14T02:54:31.111Z] <<< [apiv2][status] POST https://upload-firebasehosting.googleapis.com/upload/sites/chatbot-4cb1e/versions/24d4d88e74025f84/files/f6c53e789d3028a6f54051364e1ed6fc04884cbc4d399803054f3be6cb08e885 200
[debug] [2021-02-14T02:54:31.112Z] <<< [apiv2][body] POST https://upload-firebasehosting.googleapis.com/upload/sites/chatbot-4cb1e/versions/24d4d88e74025f84/files/f6c53e789d3028a6f54051364e1ed6fc04884cbc4d399803054f3be6cb08e885 [stream]
[debug] [2021-02-14T02:54:31.120Z] <<< [apiv2][status] POST https://upload-firebasehosting.googleapis.com/upload/sites/chatbot-4cb1e/versions/24d4d88e74025f84/files/74c67ae41b7deb62abc1423f585488a091343de75ab9da3edd95e5ac4be7cd5c 200
[debug] [2021-02-14T02:54:31.120Z] <<< [apiv2][body] POST https://upload-firebasehosting.googleapis.com/upload/sites/chatbot-4cb1e/versions/24d4d88e74025f84/files/74c67ae41b7deb62abc1423f585488a091343de75ab9da3edd95e5ac4be7cd5c [stream]
[debug] [2021-02-14T02:54:31.120Z] [hosting][upload queue][FINAL] {"max":2600,"min":2580,"avg":2588.5,"active":0,"complete":4,"success":4,"errored":0,"retried":0,"total":4,"elapsed":2602}
[info] ✔  hosting[chatbot-4cb1e]: file upload complete 
[debug] [2021-02-14T02:54:31.121Z] [hosting] deploy completed after 4427ms
[debug] [2021-02-14T02:54:31.229Z] [rules] releasing cloud.firestore with ruleset projects/chatbot-4cb1e/rulesets/e3d6267b-90f5-4b1d-a0cf-c28ed2fab8f2
[debug] [2021-02-14T02:54:31.230Z] > refreshing access token with scopes: ["email","https://www.googleapis.com/auth/cloud-platform","https://www.googleapis.com/auth/cloudplatformprojects.readonly","https://www.googleapis.com/auth/firebase","openid"]
[debug] [2021-02-14T02:54:31.230Z] >>> HTTP REQUEST POST https://www.googleapis.com/oauth2/v3/token  
 <request body omitted>
[debug] [2021-02-14T02:54:31.366Z] <<< HTTP RESPONSE 200 {"expires":"Mon, 01 Jan 1990 00:00:00 GMT","pragma":"no-cache","cache-control":"no-cache, no-store, max-age=0, must-revalidate","date":"Sun, 14 Feb 2021 02:54:31 GMT","content-type":"application/json; charset=utf-8","vary":"X-Origin, Referer, Origin,Accept-Encoding","server":"scaffolding on HTTPServer2","x-xss-protection":"0","x-frame-options":"SAMEORIGIN","x-content-type-options":"nosniff","alt-svc":"h3-29=\":443\"; ma=2592000,h3-T051=\":443\"; ma=2592000,h3-Q050=\":443\"; ma=2592000,h3-Q046=\":443\"; ma=2592000,h3-Q043=\":443\"; ma=2592000,quic=\":443\"; ma=2592000; v=\"46,43\"","accept-ranges":"none","transfer-encoding":"chunked"}
[debug] [2021-02-14T02:54:31.396Z] >>> HTTP REQUEST PATCH https://firebaserules.googleapis.com/v1/projects/chatbot-4cb1e/releases/cloud.firestore  
 {"release":{"name":"projects/chatbot-4cb1e/releases/cloud.firestore","rulesetName":"projects/chatbot-4cb1e/rulesets/e3d6267b-90f5-4b1d-a0cf-c28ed2fab8f2"}}
[debug] [2021-02-14T02:54:32.506Z] <<< HTTP RESPONSE 200 {"content-type":"application/json; charset=UTF-8","vary":"X-Origin, Referer, Origin,Accept-Encoding","date":"Sun, 14 Feb 2021 02:54:32 GMT","server":"ESF","cache-control":"private","x-xss-protection":"0","x-frame-options":"SAMEORIGIN","x-content-type-options":"nosniff","alt-svc":"h3-29=\":443\"; ma=2592000,h3-T051=\":443\"; ma=2592000,h3-Q050=\":443\"; ma=2592000,h3-Q046=\":443\"; ma=2592000,h3-Q043=\":443\"; ma=2592000,quic=\":443\"; ma=2592000; v=\"46,43\"","accept-ranges":"none","transfer-encoding":"chunked"}
[debug] [2021-02-14T02:54:32.507Z] [rules] updated release projects/chatbot-4cb1e/releases/cloud.firestore
[info] ✔  firestore: released rules firestore.rules to cloud.firestore 
[info] i  functions: updating Node.js 12 function addDataset(us-central1)... 
[debug] [2021-02-14T02:54:32.512Z] Trigger is:  {"httpsTrigger":{}}
[debug] [2021-02-14T02:54:32.514Z] >>> HTTP REQUEST PATCH https://cloudfunctions.googleapis.com/v1/projects/chatbot-4cb1e/locations/us-central1/functions/addDataset {"updateMask":"sourceUploadUrl,name,labels,runtime,environmentVariables,httpsTrigger"} 
 {"sourceUploadUrl":"https://storage.googleapis.com/gcf-upload-us-central1-c1de0857-3ea3-461d-bc34-26863e86d6d2/64664d49-a121-4685-9c15-bb7c88fb184f.zip?GoogleAccessId=service-23392090074@gcf-admin-robot.iam.gserviceaccount.com&Expires=1613273066&Signature=YTdrh31RaYg5b41DD3E426KuBPGDYe7dQAOYFAAdS4DMq2B%2BBW9E%2FaJFHsTd5IG5TqypdKEvFoaMswxjjX797fgHfOr0c%2BFM%2BU%2FE3kQiXVmKaXmVb4OGuhMrDz1KfFBsgDQp59rjcVzKCKBcQ2yBSGPirvo9wBxw426cFRJFtNCsBstY06YIOi0Sag%2F%2F431JLtrcUbZmy%2B2y6FYi6rJx5toxxvOoDf42qOrRmypwVvUPP9QeMTibOml%2FA1S58nu0aoJBQsXBFta6m4GU7IZxHH2MS2uYBoF2rfzeuoikAr92UVcaPqkTxBDRe2i%2FqfcJ0uUC3vit%2B0BqIW3TpMThbw%3D%3D","name":"projects/chatbot-4cb1e/locations/us-central1/functions/addDataset","labels":{"deployment-tool":"cli-firebase"},"httpsTrigger":{},"runtime":"nodejs12","environmentVariables":{"FIREBASE_CONFIG":"{\"projectId\":\"chatbot-4cb1e\",\"storageBucket\":\"chatbot-4cb1e.appspot.com\",\"locationId\":\"asia-northeast1\"}"}}
[debug] [2021-02-14T02:54:33.534Z] <<< HTTP RESPONSE 200 {"content-type":"application/json; charset=UTF-8","vary":"X-Origin, Referer, Origin,Accept-Encoding","date":"Sun, 14 Feb 2021 02:54:33 GMT","server":"ESF","cache-control":"private","x-xss-protection":"0","x-frame-options":"SAMEORIGIN","x-content-type-options":"nosniff","alt-svc":"h3-29=\":443\"; ma=2592000,h3-T051=\":443\"; ma=2592000,h3-Q050=\":443\"; ma=2592000,h3-Q046=\":443\"; ma=2592000,h3-Q043=\":443\"; ma=2592000,quic=\":443\"; ma=2592000; v=\"46,43\"","accept-ranges":"none","transfer-encoding":"chunked"}
[debug] [2021-02-14T02:54:33.537Z] >>> HTTP REQUEST GET https://cloudfunctions.googleapis.com/v1/projects/chatbot-4cb1e/locations/-/functions  
 
[debug] [2021-02-14T02:54:34.142Z] <<< HTTP RESPONSE 200 {"content-type":"application/json; charset=UTF-8","vary":"X-Origin, Referer, Origin,Accept-Encoding","date":"Sun, 14 Feb 2021 02:54:33 GMT","server":"ESF","cache-control":"private","x-xss-protection":"0","x-frame-options":"SAMEORIGIN","x-content-type-options":"nosniff","alt-svc":"h3-29=\":443\"; ma=2592000,h3-T051=\":443\"; ma=2592000,h3-Q050=\":443\"; ma=2592000,h3-Q046=\":443\"; ma=2592000,h3-Q043=\":443\"; ma=2592000,quic=\":443\"; ma=2592000; v=\"46,43\"","accept-ranges":"none","transfer-encoding":"chunked"}
[debug] [2021-02-14T02:54:34.143Z] >>> HTTP REQUEST GET https://cloudfunctions.googleapis.com/v1/operations/Y2hhdGJvdC00Y2IxZS91cy1jZW50cmFsMS9hZGREYXRhc2V0L190VnJwaFZJUmNz  
 
[debug] [2021-02-14T02:54:34.456Z] <<< HTTP RESPONSE 200 {"content-type":"application/json; charset=UTF-8","vary":"X-Origin, Referer, Origin,Accept-Encoding","date":"Sun, 14 Feb 2021 02:54:34 GMT","server":"ESF","cache-control":"private","x-xss-protection":"0","x-frame-options":"SAMEORIGIN","x-content-type-options":"nosniff","alt-svc":"h3-29=\":443\"; ma=2592000,h3-T051=\":443\"; ma=2592000,h3-Q050=\":443\"; ma=2592000,h3-Q046=\":443\"; ma=2592000,h3-Q043=\":443\"; ma=2592000,quic=\":443\"; ma=2592000; v=\"46,43\"","accept-ranges":"none","transfer-encoding":"chunked"}
[debug] [2021-02-14T02:54:36.461Z] >>> HTTP REQUEST GET https://cloudfunctions.googleapis.com/v1/operations/Y2hhdGJvdC00Y2IxZS91cy1jZW50cmFsMS9hZGREYXRhc2V0L190VnJwaFZJUmNz  
 
[debug] [2021-02-14T02:54:36.909Z] <<< HTTP RESPONSE 200 {"content-type":"application/json; charset=UTF-8","vary":"X-Origin, Referer, Origin,Accept-Encoding","date":"Sun, 14 Feb 2021 02:54:36 GMT","server":"ESF","cache-control":"private","x-xss-protection":"0","x-frame-options":"SAMEORIGIN","x-content-type-options":"nosniff","alt-svc":"h3-29=\":443\"; ma=2592000,h3-T051=\":443\"; ma=2592000,h3-Q050=\":443\"; ma=2592000,h3-Q046=\":443\"; ma=2592000,h3-Q043=\":443\"; ma=2592000,quic=\":443\"; ma=2592000; v=\"46,43\"","accept-ranges":"none","transfer-encoding":"chunked"}
[debug] [2021-02-14T02:54:38.910Z] >>> HTTP REQUEST GET https://cloudfunctions.googleapis.com/v1/operations/Y2hhdGJvdC00Y2IxZS91cy1jZW50cmFsMS9hZGREYXRhc2V0L190VnJwaFZJUmNz  
 
[debug] [2021-02-14T02:54:39.264Z] <<< HTTP RESPONSE 200 {"content-type":"application/json; charset=UTF-8","vary":"X-Origin, Referer, Origin,Accept-Encoding","date":"Sun, 14 Feb 2021 02:54:39 GMT","server":"ESF","cache-control":"private","x-xss-protection":"0","x-frame-options":"SAMEORIGIN","x-content-type-options":"nosniff","alt-svc":"h3-29=\":443\"; ma=2592000,h3-T051=\":443\"; ma=2592000,h3-Q050=\":443\"; ma=2592000,h3-Q046=\":443\"; ma=2592000,h3-Q043=\":443\"; ma=2592000,quic=\":443\"; ma=2592000; v=\"46,43\"","accept-ranges":"none","transfer-encoding":"chunked"}
[debug] [2021-02-14T02:54:41.268Z] >>> HTTP REQUEST GET https://cloudfunctions.googleapis.com/v1/operations/Y2hhdGJvdC00Y2IxZS91cy1jZW50cmFsMS9hZGREYXRhc2V0L190VnJwaFZJUmNz  
 
[debug] [2021-02-14T02:54:41.631Z] <<< HTTP RESPONSE 200 {"content-type":"application/json; charset=UTF-8","vary":"X-Origin, Referer, Origin,Accept-Encoding","date":"Sun, 14 Feb 2021 02:54:41 GMT","server":"ESF","cache-control":"private","x-xss-protection":"0","x-frame-options":"SAMEORIGIN","x-content-type-options":"nosniff","alt-svc":"h3-29=\":443\"; ma=2592000,h3-T051=\":443\"; ma=2592000,h3-Q050=\":443\"; ma=2592000,h3-Q046=\":443\"; ma=2592000,h3-Q043=\":443\"; ma=2592000,quic=\":443\"; ma=2592000; v=\"46,43\"","accept-ranges":"none","transfer-encoding":"chunked"}
[debug] [2021-02-14T02:54:43.633Z] >>> HTTP REQUEST GET https://cloudfunctions.googleapis.com/v1/operations/Y2hhdGJvdC00Y2IxZS91cy1jZW50cmFsMS9hZGREYXRhc2V0L190VnJwaFZJUmNz  
 
[debug] [2021-02-14T02:54:43.975Z] <<< HTTP RESPONSE 200 {"content-type":"application/json; charset=UTF-8","vary":"X-Origin, Referer, Origin,Accept-Encoding","date":"Sun, 14 Feb 2021 02:54:43 GMT","server":"ESF","cache-control":"private","x-xss-protection":"0","x-frame-options":"SAMEORIGIN","x-content-type-options":"nosniff","alt-svc":"h3-29=\":443\"; ma=2592000,h3-T051=\":443\"; ma=2592000,h3-Q050=\":443\"; ma=2592000,h3-Q046=\":443\"; ma=2592000,h3-Q043=\":443\"; ma=2592000,quic=\":443\"; ma=2592000; v=\"46,43\"","accept-ranges":"none","transfer-encoding":"chunked"}
[debug] [2021-02-14T02:54:45.978Z] >>> HTTP REQUEST GET https://cloudfunctions.googleapis.com/v1/operations/Y2hhdGJvdC00Y2IxZS91cy1jZW50cmFsMS9hZGREYXRhc2V0L190VnJwaFZJUmNz  
 
[debug] [2021-02-14T02:54:46.350Z] <<< HTTP RESPONSE 200 {"content-type":"application/json; charset=UTF-8","vary":"X-Origin, Referer, Origin,Accept-Encoding","date":"Sun, 14 Feb 2021 02:54:46 GMT","server":"ESF","cache-control":"private","x-xss-protection":"0","x-frame-options":"SAMEORIGIN","x-content-type-options":"nosniff","alt-svc":"h3-29=\":443\"; ma=2592000,h3-T051=\":443\"; ma=2592000,h3-Q050=\":443\"; ma=2592000,h3-Q046=\":443\"; ma=2592000,h3-Q043=\":443\"; ma=2592000,quic=\":443\"; ma=2592000; v=\"46,43\"","accept-ranges":"none","transfer-encoding":"chunked"}
[debug] [2021-02-14T02:54:48.356Z] >>> HTTP REQUEST GET https://cloudfunctions.googleapis.com/v1/operations/Y2hhdGJvdC00Y2IxZS91cy1jZW50cmFsMS9hZGREYXRhc2V0L190VnJwaFZJUmNz  
 
[debug] [2021-02-14T02:54:48.674Z] <<< HTTP RESPONSE 200 {"content-type":"application/json; charset=UTF-8","vary":"X-Origin, Referer, Origin,Accept-Encoding","date":"Sun, 14 Feb 2021 02:54:48 GMT","server":"ESF","cache-control":"private","x-xss-protection":"0","x-frame-options":"SAMEORIGIN","x-content-type-options":"nosniff","alt-svc":"h3-29=\":443\"; ma=2592000,h3-T051=\":443\"; ma=2592000,h3-Q050=\":443\"; ma=2592000,h3-Q046=\":443\"; ma=2592000,h3-Q043=\":443\"; ma=2592000,quic=\":443\"; ma=2592000; v=\"46,43\"","accept-ranges":"none","transfer-encoding":"chunked"}
[debug] [2021-02-14T02:54:50.679Z] >>> HTTP REQUEST GET https://cloudfunctions.googleapis.com/v1/operations/Y2hhdGJvdC00Y2IxZS91cy1jZW50cmFsMS9hZGREYXRhc2V0L190VnJwaFZJUmNz  
 
[debug] [2021-02-14T02:54:51.143Z] <<< HTTP RESPONSE 200 {"content-type":"application/json; charset=UTF-8","vary":"X-Origin, Referer, Origin,Accept-Encoding","date":"Sun, 14 Feb 2021 02:54:50 GMT","server":"ESF","cache-control":"private","x-xss-protection":"0","x-frame-options":"SAMEORIGIN","x-content-type-options":"nosniff","alt-svc":"h3-29=\":443\"; ma=2592000,h3-T051=\":443\"; ma=2592000,h3-Q050=\":443\"; ma=2592000,h3-Q046=\":443\"; ma=2592000,h3-Q043=\":443\"; ma=2592000,quic=\":443\"; ma=2592000; v=\"46,43\"","accept-ranges":"none","transfer-encoding":"chunked"}
[debug] [2021-02-14T02:54:53.147Z] >>> HTTP REQUEST GET https://cloudfunctions.googleapis.com/v1/operations/Y2hhdGJvdC00Y2IxZS91cy1jZW50cmFsMS9hZGREYXRhc2V0L190VnJwaFZJUmNz  
 
[debug] [2021-02-14T02:54:53.804Z] <<< HTTP RESPONSE 200 {"content-type":"application/json; charset=UTF-8","vary":"X-Origin, Referer, Origin,Accept-Encoding","date":"Sun, 14 Feb 2021 02:54:53 GMT","server":"ESF","cache-control":"private","x-xss-protection":"0","x-frame-options":"SAMEORIGIN","x-content-type-options":"nosniff","alt-svc":"h3-29=\":443\"; ma=2592000,h3-T051=\":443\"; ma=2592000,h3-Q050=\":443\"; ma=2592000,h3-Q046=\":443\"; ma=2592000,h3-Q043=\":443\"; ma=2592000,quic=\":443\"; ma=2592000; v=\"46,43\"","accept-ranges":"none","transfer-encoding":"chunked"}
[debug] [2021-02-14T02:54:55.808Z] >>> HTTP REQUEST GET https://cloudfunctions.googleapis.com/v1/operations/Y2hhdGJvdC00Y2IxZS91cy1jZW50cmFsMS9hZGREYXRhc2V0L190VnJwaFZJUmNz  
 
[debug] [2021-02-14T02:54:56.116Z] <<< HTTP RESPONSE 200 {"content-type":"application/json; charset=UTF-8","vary":"X-Origin, Referer, Origin,Accept-Encoding","date":"Sun, 14 Feb 2021 02:54:55 GMT","server":"ESF","cache-control":"private","x-xss-protection":"0","x-frame-options":"SAMEORIGIN","x-content-type-options":"nosniff","alt-svc":"h3-29=\":443\"; ma=2592000,h3-T051=\":443\"; ma=2592000,h3-Q050=\":443\"; ma=2592000,h3-Q046=\":443\"; ma=2592000,h3-Q043=\":443\"; ma=2592000,quic=\":443\"; ma=2592000; v=\"46,43\"","accept-ranges":"none","transfer-encoding":"chunked"}
[debug] [2021-02-14T02:54:58.121Z] >>> HTTP REQUEST GET https://cloudfunctions.googleapis.com/v1/operations/Y2hhdGJvdC00Y2IxZS91cy1jZW50cmFsMS9hZGREYXRhc2V0L190VnJwaFZJUmNz  
 
[debug] [2021-02-14T02:54:58.518Z] <<< HTTP RESPONSE 200 {"content-type":"application/json; charset=UTF-8","vary":"X-Origin, Referer, Origin,Accept-Encoding","date":"Sun, 14 Feb 2021 02:54:58 GMT","server":"ESF","cache-control":"private","x-xss-protection":"0","x-frame-options":"SAMEORIGIN","x-content-type-options":"nosniff","alt-svc":"h3-29=\":443\"; ma=2592000,h3-T051=\":443\"; ma=2592000,h3-Q050=\":443\"; ma=2592000,h3-Q046=\":443\"; ma=2592000,h3-Q043=\":443\"; ma=2592000,quic=\":443\"; ma=2592000; v=\"46,43\"","accept-ranges":"none","transfer-encoding":"chunked"}
[debug] [2021-02-14T02:55:00.524Z] >>> HTTP REQUEST GET https://cloudfunctions.googleapis.com/v1/operations/Y2hhdGJvdC00Y2IxZS91cy1jZW50cmFsMS9hZGREYXRhc2V0L190VnJwaFZJUmNz  
 
[debug] [2021-02-14T02:55:00.841Z] <<< HTTP RESPONSE 200 {"content-type":"application/json; charset=UTF-8","vary":"X-Origin, Referer, Origin,Accept-Encoding","date":"Sun, 14 Feb 2021 02:55:00 GMT","server":"ESF","cache-control":"private","x-xss-protection":"0","x-frame-options":"SAMEORIGIN","x-content-type-options":"nosniff","alt-svc":"h3-29=\":443\"; ma=2592000,h3-T051=\":443\"; ma=2592000,h3-Q050=\":443\"; ma=2592000,h3-Q046=\":443\"; ma=2592000,h3-Q043=\":443\"; ma=2592000,quic=\":443\"; ma=2592000; v=\"46,43\"","accept-ranges":"none","transfer-encoding":"chunked"}
[debug] [2021-02-14T02:55:02.846Z] >>> HTTP REQUEST GET https://cloudfunctions.googleapis.com/v1/operations/Y2hhdGJvdC00Y2IxZS91cy1jZW50cmFsMS9hZGREYXRhc2V0L190VnJwaFZJUmNz  
 
[debug] [2021-02-14T02:55:03.197Z] <<< HTTP RESPONSE 200 {"content-type":"application/json; charset=UTF-8","vary":"X-Origin, Referer, Origin,Accept-Encoding","date":"Sun, 14 Feb 2021 02:55:03 GMT","server":"ESF","cache-control":"private","x-xss-protection":"0","x-frame-options":"SAMEORIGIN","x-content-type-options":"nosniff","alt-svc":"h3-29=\":443\"; ma=2592000,h3-T051=\":443\"; ma=2592000,h3-Q050=\":443\"; ma=2592000,h3-Q046=\":443\"; ma=2592000,h3-Q043=\":443\"; ma=2592000,quic=\":443\"; ma=2592000; v=\"46,43\"","accept-ranges":"none","transfer-encoding":"chunked"}
[debug] [2021-02-14T02:55:05.201Z] >>> HTTP REQUEST GET https://cloudfunctions.googleapis.com/v1/operations/Y2hhdGJvdC00Y2IxZS91cy1jZW50cmFsMS9hZGREYXRhc2V0L190VnJwaFZJUmNz  
 
[debug] [2021-02-14T02:55:05.612Z] <<< HTTP RESPONSE 200 {"content-type":"application/json; charset=UTF-8","vary":"X-Origin, Referer, Origin,Accept-Encoding","date":"Sun, 14 Feb 2021 02:55:05 GMT","server":"ESF","cache-control":"private","x-xss-protection":"0","x-frame-options":"SAMEORIGIN","x-content-type-options":"nosniff","alt-svc":"h3-29=\":443\"; ma=2592000,h3-T051=\":443\"; ma=2592000,h3-Q050=\":443\"; ma=2592000,h3-Q046=\":443\"; ma=2592000,h3-Q043=\":443\"; ma=2592000,quic=\":443\"; ma=2592000; v=\"46,43\"","accept-ranges":"none","transfer-encoding":"chunked"}
[debug] [2021-02-14T02:55:07.619Z] >>> HTTP REQUEST GET https://cloudfunctions.googleapis.com/v1/operations/Y2hhdGJvdC00Y2IxZS91cy1jZW50cmFsMS9hZGREYXRhc2V0L190VnJwaFZJUmNz  
 
[debug] [2021-02-14T02:55:07.979Z] <<< HTTP RESPONSE 200 {"content-type":"application/json; charset=UTF-8","vary":"X-Origin, Referer, Origin,Accept-Encoding","date":"Sun, 14 Feb 2021 02:55:07 GMT","server":"ESF","cache-control":"private","x-xss-protection":"0","x-frame-options":"SAMEORIGIN","x-content-type-options":"nosniff","alt-svc":"h3-29=\":443\"; ma=2592000,h3-T051=\":443\"; ma=2592000,h3-Q050=\":443\"; ma=2592000,h3-Q046=\":443\"; ma=2592000,h3-Q043=\":443\"; ma=2592000,quic=\":443\"; ma=2592000; v=\"46,43\"","accept-ranges":"none","transfer-encoding":"chunked"}
[debug] [2021-02-14T02:55:09.983Z] >>> HTTP REQUEST GET https://cloudfunctions.googleapis.com/v1/operations/Y2hhdGJvdC00Y2IxZS91cy1jZW50cmFsMS9hZGREYXRhc2V0L190VnJwaFZJUmNz  
 
[debug] [2021-02-14T02:55:10.320Z] <<< HTTP RESPONSE 200 {"content-type":"application/json; charset=UTF-8","vary":"X-Origin, Referer, Origin,Accept-Encoding","date":"Sun, 14 Feb 2021 02:55:10 GMT","server":"ESF","cache-control":"private","x-xss-protection":"0","x-frame-options":"SAMEORIGIN","x-content-type-options":"nosniff","alt-svc":"h3-29=\":443\"; ma=2592000,h3-T051=\":443\"; ma=2592000,h3-Q050=\":443\"; ma=2592000,h3-Q046=\":443\"; ma=2592000,h3-Q043=\":443\"; ma=2592000,quic=\":443\"; ma=2592000; v=\"46,43\"","accept-ranges":"none","transfer-encoding":"chunked"}
[debug] [2021-02-14T02:55:12.323Z] >>> HTTP REQUEST GET https://cloudfunctions.googleapis.com/v1/operations/Y2hhdGJvdC00Y2IxZS91cy1jZW50cmFsMS9hZGREYXRhc2V0L190VnJwaFZJUmNz  
 
[debug] [2021-02-14T02:55:12.748Z] <<< HTTP RESPONSE 200 {"content-type":"application/json; charset=UTF-8","vary":"X-Origin, Referer, Origin,Accept-Encoding","date":"Sun, 14 Feb 2021 02:55:12 GMT","server":"ESF","cache-control":"private","x-xss-protection":"0","x-frame-options":"SAMEORIGIN","x-content-type-options":"nosniff","alt-svc":"h3-29=\":443\"; ma=2592000,h3-T051=\":443\"; ma=2592000,h3-Q050=\":443\"; ma=2592000,h3-Q046=\":443\"; ma=2592000,h3-Q043=\":443\"; ma=2592000,quic=\":443\"; ma=2592000; v=\"46,43\"","accept-ranges":"none","transfer-encoding":"chunked"}
[debug] [2021-02-14T02:55:14.750Z] >>> HTTP REQUEST GET https://cloudfunctions.googleapis.com/v1/operations/Y2hhdGJvdC00Y2IxZS91cy1jZW50cmFsMS9hZGREYXRhc2V0L190VnJwaFZJUmNz  
 
[debug] [2021-02-14T02:55:15.104Z] <<< HTTP RESPONSE 200 {"content-type":"application/json; charset=UTF-8","vary":"X-Origin, Referer, Origin,Accept-Encoding","date":"Sun, 14 Feb 2021 02:55:14 GMT","server":"ESF","cache-control":"private","x-xss-protection":"0","x-frame-options":"SAMEORIGIN","x-content-type-options":"nosniff","alt-svc":"h3-29=\":443\"; ma=2592000,h3-T051=\":443\"; ma=2592000,h3-Q050=\":443\"; ma=2592000,h3-Q046=\":443\"; ma=2592000,h3-Q043=\":443\"; ma=2592000,quic=\":443\"; ma=2592000; v=\"46,43\"","accept-ranges":"none","transfer-encoding":"chunked"}
[debug] [2021-02-14T02:55:17.106Z] >>> HTTP REQUEST GET https://cloudfunctions.googleapis.com/v1/operations/Y2hhdGJvdC00Y2IxZS91cy1jZW50cmFsMS9hZGREYXRhc2V0L190VnJwaFZJUmNz  
 
[debug] [2021-02-14T02:55:17.458Z] <<< HTTP RESPONSE 200 {"content-type":"application/json; charset=UTF-8","vary":"X-Origin, Referer, Origin,Accept-Encoding","date":"Sun, 14 Feb 2021 02:55:17 GMT","server":"ESF","cache-control":"private","x-xss-protection":"0","x-frame-options":"SAMEORIGIN","x-content-type-options":"nosniff","alt-svc":"h3-29=\":443\"; ma=2592000,h3-T051=\":443\"; ma=2592000,h3-Q050=\":443\"; ma=2592000,h3-Q046=\":443\"; ma=2592000,h3-Q043=\":443\"; ma=2592000,quic=\":443\"; ma=2592000; v=\"46,43\"","accept-ranges":"none","transfer-encoding":"chunked"}
